<?xml version="1.0" encoding="UTF-8"?>
<testsuite name="JsonDatabaseTest" tests="1" skipped="0" failures="0" errors="0" timestamp="2024-03-08T11:49:19" hostname="C14166" time="0.169">
  <properties/>
  <testcase name="start" classname="JsonDatabaseTest" time="0.169"/>
  <system-out><![CDATA[?[1;31m
Start test 1?[0m
Server started!
Client started!
Sent: exit null null
Received: OK
?[1;31m
Start test 2?[0m
Server started!
Client started!
Sent: get 1 null
Received: Error
Client started!
Sent: set 1 Hello world!
Received: OK
Client started!
Sent: set 1 HelloWorld!
Received: OK
Client started!
Sent: get 1 null
Received: HelloWorld!
Client started!
Sent: delete 1 null
Received: OK
Client started!
Sent: delete 1 null
Received: OK
Client started!
Sent: get 1 null
Received: Error
Client started!
Sent: set 55 Some text here
Received: OK
Client started!
Sent: get 55 null
Received: Some text here
Client started!
Sent: get 56 null
Received: Error
Client started!
Sent: delete 55 null
Received: OK
Client started!
Sent: delete 56 null
Received: OK
Client started!
Sent: delete 100 null
Received: OK
Client started!
Sent: delete 1001 null
Received: Error
Client started!
Sent: exit null null
Received: OK
]]></system-out>
  <system-err><![CDATA[]]></system-err>
</testsuite>
